# JRE version: Java(TM) SE Runtime Environment (8.0_181-b13) (build 1.8.0_181-b13)
# Java VM: Java HotSpot(TM) 64-Bit Server VM (25.181-b13 mixed mode linux-amd64 compressed oops)
Heap:
 PSYoungGen      total 36864K, used 5919K [0x00000000d7200000, 0x00000000d9b00000, 0x0000000100000000)
  eden space 31744K, 18% used [0x00000000d7200000,0x00000000d77c7e98,0x00000000d9100000)
  from space 5120K, 0% used [0x00000000d9600000,0x00000000d9600000,0x00000000d9b00000)
  to   space 5120K, 0% used [0x00000000d9100000,0x00000000d9100000,0x00000000d9600000)
 ParOldGen       total 45568K, used 8896K [0x0000000085600000, 0x0000000088280000, 0x00000000d7200000)
  object space 45568K, 19% used [0x0000000085600000,0x0000000085eb0050,0x0000000088280000)
 Metaspace       used 21276K, capacity 21960K, committed 22272K, reserved 1069056K
  class space    used 2869K, capacity 3042K, committed 3072K, reserved 1048576K
GC Heap History (6 events):
Event: 0,729 GC heap before
{Heap before GC invocations=1 (full 0):
 PSYoungGen      total 36864K, used 31744K [0x00000000d7200000, 0x00000000d9b00000, 0x0000000100000000)
  eden space 31744K, 100% used [0x00000000d7200000,0x00000000d9100000,0x00000000d9100000)
  from space 5120K, 0% used [0x00000000d9600000,0x00000000d9600000,0x00000000d9b00000)
  to   space 5120K, 0% used [0x00000000d9100000,0x00000000d9100000,0x00000000d9600000)
 ParOldGen       total 84992K, used 0K [0x0000000085600000, 0x000000008a900000, 0x00000000d7200000)
  object space 84992K, 0% used [0x0000000085600000,0x0000000085600000,0x000000008a900000)
 Metaspace       used 15314K, capacity 15946K, committed 16128K, reserved 1062912K
  class space    used 2308K, capacity 2503K, committed 2560K, reserved 1048576K
Event: 0,734 GC heap after
Heap after GC invocations=1 (full 0):
 PSYoungGen      total 36864K, used 5101K [0x00000000d7200000, 0x00000000d9b00000, 0x0000000100000000)
  eden space 31744K, 0% used [0x00000000d7200000,0x00000000d7200000,0x00000000d9100000)
  from space 5120K, 99% used [0x00000000d9100000,0x00000000d95fb7e0,0x00000000d9600000)
  to   space 5120K, 0% used [0x00000000d9600000,0x00000000d9600000,0x00000000d9b00000)
 ParOldGen       total 84992K, used 289K [0x0000000085600000, 0x000000008a900000, 0x00000000d7200000)
  object space 84992K, 0% used [0x0000000085600000,0x00000000856484e8,0x000000008a900000)
 Metaspace       used 15314K, capacity 15946K, committed 16128K, reserved 1062912K
  class space    used 2308K, capacity 2503K, committed 2560K, reserved 1048576K
}
Event: 6,989 GC heap before
{Heap before GC invocations=2 (full 0):
 PSYoungGen      total 36864K, used 23837K [0x00000000d7200000, 0x00000000d9b00000, 0x0000000100000000)
  eden space 31744K, 59% used [0x00000000d7200000,0x00000000d844bf40,0x00000000d9100000)
  from space 5120K, 99% used [0x00000000d9100000,0x00000000d95fb7e0,0x00000000d9600000)
  to   space 5120K, 0% used [0x00000000d9600000,0x00000000d9600000,0x00000000d9b00000)
 ParOldGen       total 84992K, used 289K [0x0000000085600000, 0x000000008a900000, 0x00000000d7200000)
  object space 84992K, 0% used [0x0000000085600000,0x00000000856484e8,0x000000008a900000)
 Metaspace       used 20497K, capacity 21136K, committed 21248K, reserved 1067008K
  class space    used 2786K, capacity 2968K, committed 3072K, reserved 1048576K
Event: 7,002 GC heap after
Heap after GC invocations=2 (full 0):
 PSYoungGen      total 36864K, used 5118K [0x00000000d7200000, 0x00000000d9b00000, 0x0000000100000000)
  eden space 31744K, 0% used [0x00000000d7200000,0x00000000d7200000,0x00000000d9100000)
  from space 5120K, 99% used [0x00000000d9600000,0x00000000d9aff828,0x00000000d9b00000)
  to   space 5120K, 0% used [0x00000000d9100000,0x00000000d9100000,0x00000000d9600000)
 ParOldGen       total 84992K, used 4103K [0x0000000085600000, 0x000000008a900000, 0x00000000d7200000)
  object space 84992K, 4% used [0x0000000085600000,0x0000000085a01e28,0x000000008a900000)
 Metaspace       used 20497K, capacity 21136K, committed 21248K, reserved 1067008K
  class space    used 2786K, capacity 2968K, committed 3072K, reserved 1048576K
}
Event: 7,002 GC heap before
{Heap before GC invocations=3 (full 1):
 PSYoungGen      total 36864K, used 5118K [0x00000000d7200000, 0x00000000d9b00000, 0x0000000100000000)
  eden space 31744K, 0% used [0x00000000d7200000,0x00000000d7200000,0x00000000d9100000)
  from space 5120K, 99% used [0x00000000d9600000,0x00000000d9aff828,0x00000000d9b00000)
  to   space 5120K, 0% used [0x00000000d9100000,0x00000000d9100000,0x00000000d9600000)
 ParOldGen       total 84992K, used 4103K [0x0000000085600000, 0x000000008a900000, 0x00000000d7200000)
  object space 84992K, 4% used [0x0000000085600000,0x0000000085a01e28,0x000000008a900000)
 Metaspace       used 20497K, capacity 21136K, committed 21248K, reserved 1067008K
  class space    used 2786K, capacity 2968K, committed 3072K, reserved 1048576K
Event: 7,033 GC heap after
Heap after GC invocations=3 (full 1):
 PSYoungGen      total 36864K, used 0K [0x00000000d7200000, 0x00000000d9b00000, 0x0000000100000000)
  eden space 31744K, 0% used [0x00000000d7200000,0x00000000d7200000,0x00000000d9100000)
  from space 5120K, 0% used [0x00000000d9600000,0x00000000d9600000,0x00000000d9b00000)
  to   space 5120K, 0% used [0x00000000d9100000,0x00000000d9100000,0x00000000d9600000)
 ParOldGen       total 45568K, used 8896K [0x0000000085600000, 0x0000000088280000, 0x00000000d7200000)
  object space 45568K, 19% used [0x0000000085600000,0x0000000085eb0050,0x0000000088280000)
 Metaspace       used 20497K, capacity 21136K, committed 21248K, reserved 1067008K
  class space    used 2786K, capacity 2968K, committed 3072K, reserved 1048576K
}

