# JRE version: Java(TM) SE Runtime Environment (8.0_181-b13) (build 1.8.0_181-b13)
# Java VM: Java HotSpot(TM) 64-Bit Server VM (25.181-b13 mixed mode linux-amd64 compressed oops)
Heap:
 PSYoungGen      total 34304K, used 4322K [0x00000000d7200000, 0x00000000d9e80000, 0x0000000100000000)
  eden space 23040K, 18% used [0x00000000d7200000,0x00000000d7630910,0x00000000d8880000)
  from space 11264K, 0% used [0x00000000d9380000,0x00000000d9388000,0x00000000d9e80000)
  to   space 11264K, 0% used [0x00000000d8880000,0x00000000d8880000,0x00000000d9380000)
 ParOldGen       total 46592K, used 17815K [0x0000000085600000, 0x0000000088380000, 0x00000000d7200000)
  object space 46592K, 38% used [0x0000000085600000,0x0000000086765de0,0x0000000088380000)
 Metaspace       used 25916K, capacity 27250K, committed 27264K, reserved 1073152K
  class space    used 3435K, capacity 3705K, committed 3712K, reserved 1048576K
GC Heap History (10 events):
Event: 6773,828 GC heap before
{Heap before GC invocations=25 (full 1):
 PSYoungGen      total 34304K, used 26618K [0x00000000d7200000, 0x00000000d9e00000, 0x0000000100000000)
  eden space 23552K, 100% used [0x00000000d7200000,0x00000000d8900000,0x00000000d8900000)
  from space 10752K, 28% used [0x00000000d8900000,0x00000000d8bfea88,0x00000000d9380000)
  to   space 10752K, 0% used [0x00000000d9380000,0x00000000d9380000,0x00000000d9e00000)
 ParOldGen       total 46592K, used 14732K [0x0000000085600000, 0x0000000088380000, 0x00000000d7200000)
  object space 46592K, 31% used [0x0000000085600000,0x0000000086463358,0x0000000088380000)
 Metaspace       used 25907K, capacity 27186K, committed 27264K, reserved 1073152K
  class space    used 3433K, capacity 3705K, committed 3712K, reserved 1048576K
Event: 6773,835 GC heap after
Heap after GC invocations=25 (full 1):
 PSYoungGen      total 34304K, used 2010K [0x00000000d7200000, 0x00000000d9e00000, 0x0000000100000000)
  eden space 23552K, 0% used [0x00000000d7200000,0x00000000d7200000,0x00000000d8900000)
  from space 10752K, 18% used [0x00000000d9380000,0x00000000d9576a88,0x00000000d9e00000)
  to   space 10752K, 0% used [0x00000000d8900000,0x00000000d8900000,0x00000000d9380000)
 ParOldGen       total 46592K, used 15764K [0x0000000085600000, 0x0000000088380000, 0x00000000d7200000)
  object space 46592K, 33% used [0x0000000085600000,0x0000000086565358,0x0000000088380000)
 Metaspace       used 25907K, capacity 27186K, committed 27264K, reserved 1073152K
  class space    used 3433K, capacity 3705K, committed 3712K, reserved 1048576K
}
Event: 7275,079 GC heap before
{Heap before GC invocations=26 (full 1):
 PSYoungGen      total 34304K, used 25562K [0x00000000d7200000, 0x00000000d9e00000, 0x0000000100000000)
  eden space 23552K, 100% used [0x00000000d7200000,0x00000000d8900000,0x00000000d8900000)
  from space 10752K, 18% used [0x00000000d9380000,0x00000000d9576a88,0x00000000d9e00000)
  to   space 10752K, 0% used [0x00000000d8900000,0x00000000d8900000,0x00000000d9380000)
 ParOldGen       total 46592K, used 15764K [0x0000000085600000, 0x0000000088380000, 0x00000000d7200000)
  object space 46592K, 33% used [0x0000000085600000,0x0000000086565358,0x0000000088380000)
 Metaspace       used 25907K, capacity 27186K, committed 27264K, reserved 1073152K
  class space    used 3433K, capacity 3705K, committed 3712K, reserved 1048576K
Event: 7275,085 GC heap after
Heap after GC invocations=26 (full 1):
 PSYoungGen      total 34304K, used 954K [0x00000000d7200000, 0x00000000d9e00000, 0x0000000100000000)
  eden space 23552K, 0% used [0x00000000d7200000,0x00000000d7200000,0x00000000d8900000)
  from space 10752K, 8% used [0x00000000d8900000,0x00000000d89eea88,0x00000000d9380000)
  to   space 10752K, 0% used [0x00000000d9380000,0x00000000d9380000,0x00000000d9e00000)
 ParOldGen       total 46592K, used 16884K [0x0000000085600000, 0x0000000088380000, 0x00000000d7200000)
  object space 46592K, 36% used [0x0000000085600000,0x000000008667d358,0x0000000088380000)
 Metaspace       used 25907K, capacity 27186K, committed 27264K, reserved 1073152K
  class space    used 3433K, capacity 3705K, committed 3712K, reserved 1048576K
}
Event: 7776,271 GC heap before
{Heap before GC invocations=27 (full 1):
 PSYoungGen      total 34304K, used 24506K [0x00000000d7200000, 0x00000000d9e00000, 0x0000000100000000)
  eden space 23552K, 100% used [0x00000000d7200000,0x00000000d8900000,0x00000000d8900000)
  from space 10752K, 8% used [0x00000000d8900000,0x00000000d89eea88,0x00000000d9380000)
  to   space 10752K, 0% used [0x00000000d9380000,0x00000000d9380000,0x00000000d9e00000)
 ParOldGen       total 46592K, used 16884K [0x0000000085600000, 0x0000000088380000, 0x00000000d7200000)
  object space 46592K, 36% used [0x0000000085600000,0x000000008667d358,0x0000000088380000)
 Metaspace       used 25907K, capacity 27186K, committed 27264K, reserved 1073152K
  class space    used 3433K, capacity 3705K, committed 3712K, reserved 1048576K
Event: 7776,275 GC heap after
Heap after GC invocations=27 (full 1):
 PSYoungGen      total 33792K, used 320K [0x00000000d7200000, 0x00000000d9f00000, 0x0000000100000000)
  eden space 23040K, 0% used [0x00000000d7200000,0x00000000d7200000,0x00000000d8880000)
  from space 10752K, 2% used [0x00000000d9380000,0x00000000d93d0000,0x00000000d9e00000)
  to   space 11264K, 0% used [0x00000000d8880000,0x00000000d8880000,0x00000000d9380000)
 ParOldGen       total 46592K, used 17535K [0x0000000085600000, 0x0000000088380000, 0x00000000d7200000)
  object space 46592K, 37% used [0x0000000085600000,0x000000008671fde0,0x0000000088380000)
 Metaspace       used 25907K, capacity 27186K, committed 27264K, reserved 1073152K
  class space    used 3433K, capacity 3705K, committed 3712K, reserved 1048576K
}
Event: 8266,035 GC heap before
{Heap before GC invocations=28 (full 1):
 PSYoungGen      total 33792K, used 23360K [0x00000000d7200000, 0x00000000d9f00000, 0x0000000100000000)
  eden space 23040K, 100% used [0x00000000d7200000,0x00000000d8880000,0x00000000d8880000)
  from space 10752K, 2% used [0x00000000d9380000,0x00000000d93d0000,0x00000000d9e00000)
  to   space 11264K, 0% used [0x00000000d8880000,0x00000000d8880000,0x00000000d9380000)
 ParOldGen       total 46592K, used 17535K [0x0000000085600000, 0x0000000088380000, 0x00000000d7200000)
  object space 46592K, 37% used [0x0000000085600000,0x000000008671fde0,0x0000000088380000)
 Metaspace       used 25907K, capacity 27186K, committed 27264K, reserved 1073152K
  class space    used 3433K, capacity 3705K, committed 3712K, reserved 1048576K
Event: 8266,039 GC heap after
Heap after GC invocations=28 (full 1):
 PSYoungGen      total 34304K, used 64K [0x00000000d7200000, 0x00000000d9e80000, 0x0000000100000000)
  eden space 23040K, 0% used [0x00000000d7200000,0x00000000d7200000,0x00000000d8880000)
  from space 11264K, 0% used [0x00000000d8880000,0x00000000d8890000,0x00000000d9380000)
  to   space 11264K, 0% used [0x00000000d9380000,0x00000000d9380000,0x00000000d9e80000)
 ParOldGen       total 46592K, used 17791K [0x0000000085600000, 0x0000000088380000, 0x00000000d7200000)
  object space 46592K, 38% used [0x0000000085600000,0x000000008675fde0,0x0000000088380000)
 Metaspace       used 25907K, capacity 27186K, committed 27264K, reserved 1073152K
  class space    used 3433K, capacity 3705K, committed 3712K, reserved 1048576K
}
Event: 8755,752 GC heap before
{Heap before GC invocations=29 (full 1):
 PSYoungGen      total 34304K, used 23104K [0x00000000d7200000, 0x00000000d9e80000, 0x0000000100000000)
  eden space 23040K, 100% used [0x00000000d7200000,0x00000000d8880000,0x00000000d8880000)
  from space 11264K, 0% used [0x00000000d8880000,0x00000000d8890000,0x00000000d9380000)
  to   space 11264K, 0% used [0x00000000d9380000,0x00000000d9380000,0x00000000d9e80000)
 ParOldGen       total 46592K, used 17791K [0x0000000085600000, 0x0000000088380000, 0x00000000d7200000)
  object space 46592K, 38% used [0x0000000085600000,0x000000008675fde0,0x0000000088380000)
 Metaspace       used 25907K, capacity 27186K, committed 27264K, reserved 1073152K
  class space    used 3433K, capacity 3705K, committed 3712K, reserved 1048576K
Event: 8755,754 GC heap after
Heap after GC invocations=29 (full 1):
 PSYoungGen      total 34304K, used 32K [0x00000000d7200000, 0x00000000d9e80000, 0x0000000100000000)
  eden space 23040K, 0% used [0x00000000d7200000,0x00000000d7200000,0x00000000d8880000)
  from space 11264K, 0% used [0x00000000d9380000,0x00000000d9388000,0x00000000d9e80000)
  to   space 11264K, 0% used [0x00000000d8880000,0x00000000d8880000,0x00000000d9380000)
 ParOldGen       total 46592K, used 17815K [0x0000000085600000, 0x0000000088380000, 0x00000000d7200000)
  object space 46592K, 38% used [0x0000000085600000,0x0000000086765de0,0x0000000088380000)
 Metaspace       used 25907K, capacity 27186K, committed 27264K, reserved 1073152K
  class space    used 3433K, capacity 3705K, committed 3712K, reserved 1048576K
}

