# JRE version: Java(TM) SE Runtime Environment (8.0_181-b13) (build 1.8.0_181-b13)
# Java VM: Java HotSpot(TM) 64-Bit Server VM (25.181-b13 mixed mode linux-amd64 compressed oops)
Heap:
 PSYoungGen      total 36864K, used 8627K [0x00000000d7200000, 0x00000000d9b00000, 0x0000000100000000)
  eden space 31744K, 27% used [0x00000000d7200000,0x00000000d7a6cc60,0x00000000d9100000)
  from space 5120K, 0% used [0x00000000d9600000,0x00000000d9600000,0x00000000d9b00000)
  to   space 5120K, 0% used [0x00000000d9100000,0x00000000d9100000,0x00000000d9600000)
 ParOldGen       total 64000K, used 9270K [0x0000000085600000, 0x0000000089480000, 0x00000000d7200000)
  object space 64000K, 14% used [0x0000000085600000,0x0000000085f0d978,0x0000000089480000)
 Metaspace       used 21340K, capacity 22138K, committed 22400K, reserved 1069056K
  class space    used 2943K, capacity 3139K, committed 3200K, reserved 1048576K
GC Heap History (6 events):
Event: 0,796 GC heap before
{Heap before GC invocations=1 (full 0):
 PSYoungGen      total 36864K, used 31744K [0x00000000d7200000, 0x00000000d9b00000, 0x0000000100000000)
  eden space 31744K, 100% used [0x00000000d7200000,0x00000000d9100000,0x00000000d9100000)
  from space 5120K, 0% used [0x00000000d9600000,0x00000000d9600000,0x00000000d9b00000)
  to   space 5120K, 0% used [0x00000000d9100000,0x00000000d9100000,0x00000000d9600000)
 ParOldGen       total 84992K, used 0K [0x0000000085600000, 0x000000008a900000, 0x00000000d7200000)
  object space 84992K, 0% used [0x0000000085600000,0x0000000085600000,0x000000008a900000)
 Metaspace       used 15303K, capacity 15934K, committed 16128K, reserved 1062912K
  class space    used 2305K, capacity 2503K, committed 2560K, reserved 1048576K
Event: 0,804 GC heap after
Heap after GC invocations=1 (full 0):
 PSYoungGen      total 36864K, used 5119K [0x00000000d7200000, 0x00000000d9b00000, 0x0000000100000000)
  eden space 31744K, 0% used [0x00000000d7200000,0x00000000d7200000,0x00000000d9100000)
  from space 5120K, 99% used [0x00000000d9100000,0x00000000d95ffd40,0x00000000d9600000)
  to   space 5120K, 0% used [0x00000000d9600000,0x00000000d9600000,0x00000000d9b00000)
 ParOldGen       total 84992K, used 269K [0x0000000085600000, 0x000000008a900000, 0x00000000d7200000)
  object space 84992K, 0% used [0x0000000085600000,0x0000000085643700,0x000000008a900000)
 Metaspace       used 15303K, capacity 15934K, committed 16128K, reserved 1062912K
  class space    used 2305K, capacity 2503K, committed 2560K, reserved 1048576K
}
Event: 8,166 GC heap before
{Heap before GC invocations=2 (full 0):
 PSYoungGen      total 36864K, used 21321K [0x00000000d7200000, 0x00000000d9b00000, 0x0000000100000000)
  eden space 31744K, 51% used [0x00000000d7200000,0x00000000d81d27c8,0x00000000d9100000)
  from space 5120K, 99% used [0x00000000d9100000,0x00000000d95ffd40,0x00000000d9600000)
  to   space 5120K, 0% used [0x00000000d9600000,0x00000000d9600000,0x00000000d9b00000)
 ParOldGen       total 84992K, used 269K [0x0000000085600000, 0x000000008a900000, 0x00000000d7200000)
  object space 84992K, 0% used [0x0000000085600000,0x0000000085643700,0x000000008a900000)
 Metaspace       used 20517K, capacity 21162K, committed 21248K, reserved 1067008K
  class space    used 2837K, capacity 3001K, committed 3072K, reserved 1048576K
Event: 8,176 GC heap after
Heap after GC invocations=2 (full 0):
 PSYoungGen      total 36864K, used 5102K [0x00000000d7200000, 0x00000000d9b00000, 0x0000000100000000)
  eden space 31744K, 0% used [0x00000000d7200000,0x00000000d7200000,0x00000000d9100000)
  from space 5120K, 99% used [0x00000000d9600000,0x00000000d9afb858,0x00000000d9b00000)
  to   space 5120K, 0% used [0x00000000d9100000,0x00000000d9100000,0x00000000d9600000)
 ParOldGen       total 84992K, used 4462K [0x0000000085600000, 0x000000008a900000, 0x00000000d7200000)
  object space 84992K, 5% used [0x0000000085600000,0x0000000085a5b838,0x000000008a900000)
 Metaspace       used 20517K, capacity 21162K, committed 21248K, reserved 1067008K
  class space    used 2837K, capacity 3001K, committed 3072K, reserved 1048576K
}
Event: 8,176 GC heap before
{Heap before GC invocations=3 (full 1):
 PSYoungGen      total 36864K, used 5102K [0x00000000d7200000, 0x00000000d9b00000, 0x0000000100000000)
  eden space 31744K, 0% used [0x00000000d7200000,0x00000000d7200000,0x00000000d9100000)
  from space 5120K, 99% used [0x00000000d9600000,0x00000000d9afb858,0x00000000d9b00000)
  to   space 5120K, 0% used [0x00000000d9100000,0x00000000d9100000,0x00000000d9600000)
 ParOldGen       total 84992K, used 4462K [0x0000000085600000, 0x000000008a900000, 0x00000000d7200000)
  object space 84992K, 5% used [0x0000000085600000,0x0000000085a5b838,0x000000008a900000)
 Metaspace       used 20517K, capacity 21162K, committed 21248K, reserved 1067008K
  class space    used 2837K, capacity 3001K, committed 3072K, reserved 1048576K
Event: 8,226 GC heap after
Heap after GC invocations=3 (full 1):
 PSYoungGen      total 36864K, used 0K [0x00000000d7200000, 0x00000000d9b00000, 0x0000000100000000)
  eden space 31744K, 0% used [0x00000000d7200000,0x00000000d7200000,0x00000000d9100000)
  from space 5120K, 0% used [0x00000000d9600000,0x00000000d9600000,0x00000000d9b00000)
  to   space 5120K, 0% used [0x00000000d9100000,0x00000000d9100000,0x00000000d9600000)
 ParOldGen       total 64000K, used 9270K [0x0000000085600000, 0x0000000089480000, 0x00000000d7200000)
  object space 64000K, 14% used [0x0000000085600000,0x0000000085f0d978,0x0000000089480000)
 Metaspace       used 20517K, capacity 21162K, committed 21248K, reserved 1067008K
  class space    used 2837K, capacity 3001K, committed 3072K, reserved 1048576K
}

