# JRE version: Java(TM) SE Runtime Environment (8.0_181-b13) (build 1.8.0_181-b13)
# Java VM: Java HotSpot(TM) 64-Bit Server VM (25.181-b13 mixed mode linux-amd64 compressed oops)
Heap:
 PSYoungGen      total 36864K, used 8989K [0x00000000d7200000, 0x00000000d9b00000, 0x0000000100000000)
  eden space 31744K, 28% used [0x00000000d7200000,0x00000000d7ac74c0,0x00000000d9100000)
  from space 5120K, 0% used [0x00000000d9600000,0x00000000d9600000,0x00000000d9b00000)
  to   space 5120K, 0% used [0x00000000d9100000,0x00000000d9100000,0x00000000d9600000)
 ParOldGen       total 60928K, used 9128K [0x0000000085600000, 0x0000000089180000, 0x00000000d7200000)
  object space 60928K, 14% used [0x0000000085600000,0x0000000085eea040,0x0000000089180000)
 Metaspace       used 21310K, capacity 22150K, committed 22400K, reserved 1069056K
  class space    used 2943K, capacity 3139K, committed 3200K, reserved 1048576K
GC Heap History (6 events):
Event: 0,690 GC heap before
{Heap before GC invocations=1 (full 0):
 PSYoungGen      total 36864K, used 31744K [0x00000000d7200000, 0x00000000d9b00000, 0x0000000100000000)
  eden space 31744K, 100% used [0x00000000d7200000,0x00000000d9100000,0x00000000d9100000)
  from space 5120K, 0% used [0x00000000d9600000,0x00000000d9600000,0x00000000d9b00000)
  to   space 5120K, 0% used [0x00000000d9100000,0x00000000d9100000,0x00000000d9600000)
 ParOldGen       total 84992K, used 0K [0x0000000085600000, 0x000000008a900000, 0x00000000d7200000)
  object space 84992K, 0% used [0x0000000085600000,0x0000000085600000,0x000000008a900000)
 Metaspace       used 15318K, capacity 16014K, committed 16128K, reserved 1062912K
  class space    used 2305K, capacity 2503K, committed 2560K, reserved 1048576K
Event: 0,697 GC heap after
Heap after GC invocations=1 (full 0):
 PSYoungGen      total 36864K, used 5101K [0x00000000d7200000, 0x00000000d9b00000, 0x0000000100000000)
  eden space 31744K, 0% used [0x00000000d7200000,0x00000000d7200000,0x00000000d9100000)
  from space 5120K, 99% used [0x00000000d9100000,0x00000000d95fb7e0,0x00000000d9600000)
  to   space 5120K, 0% used [0x00000000d9600000,0x00000000d9600000,0x00000000d9b00000)
 ParOldGen       total 84992K, used 323K [0x0000000085600000, 0x000000008a900000, 0x00000000d7200000)
  object space 84992K, 0% used [0x0000000085600000,0x0000000085650ea0,0x000000008a900000)
 Metaspace       used 15318K, capacity 16014K, committed 16128K, reserved 1062912K
  class space    used 2305K, capacity 2503K, committed 2560K, reserved 1048576K
}
Event: 6,961 GC heap before
{Heap before GC invocations=2 (full 0):
 PSYoungGen      total 36864K, used 20596K [0x00000000d7200000, 0x00000000d9b00000, 0x0000000100000000)
  eden space 31744K, 48% used [0x00000000d7200000,0x00000000d81219c8,0x00000000d9100000)
  from space 5120K, 99% used [0x00000000d9100000,0x00000000d95fb7e0,0x00000000d9600000)
  to   space 5120K, 0% used [0x00000000d9600000,0x00000000d9600000,0x00000000d9b00000)
 ParOldGen       total 84992K, used 323K [0x0000000085600000, 0x000000008a900000, 0x00000000d7200000)
  object space 84992K, 0% used [0x0000000085600000,0x0000000085650ea0,0x000000008a900000)
 Metaspace       used 20438K, capacity 21114K, committed 21248K, reserved 1067008K
  class space    used 2831K, capacity 3001K, committed 3072K, reserved 1048576K
Event: 6,977 GC heap after
Heap after GC invocations=2 (full 0):
 PSYoungGen      total 36864K, used 5118K [0x00000000d7200000, 0x00000000d9b00000, 0x0000000100000000)
  eden space 31744K, 0% used [0x00000000d7200000,0x00000000d7200000,0x00000000d9100000)
  from space 5120K, 99% used [0x00000000d9600000,0x00000000d9aff808,0x00000000d9b00000)
  to   space 5120K, 0% used [0x00000000d9100000,0x00000000d9100000,0x00000000d9600000)
 ParOldGen       total 84992K, used 4383K [0x0000000085600000, 0x000000008a900000, 0x00000000d7200000)
  object space 84992K, 5% used [0x0000000085600000,0x0000000085a47cd0,0x000000008a900000)
 Metaspace       used 20438K, capacity 21114K, committed 21248K, reserved 1067008K
  class space    used 2831K, capacity 3001K, committed 3072K, reserved 1048576K
}
Event: 6,977 GC heap before
{Heap before GC invocations=3 (full 1):
 PSYoungGen      total 36864K, used 5118K [0x00000000d7200000, 0x00000000d9b00000, 0x0000000100000000)
  eden space 31744K, 0% used [0x00000000d7200000,0x00000000d7200000,0x00000000d9100000)
  from space 5120K, 99% used [0x00000000d9600000,0x00000000d9aff808,0x00000000d9b00000)
  to   space 5120K, 0% used [0x00000000d9100000,0x00000000d9100000,0x00000000d9600000)
 ParOldGen       total 84992K, used 4383K [0x0000000085600000, 0x000000008a900000, 0x00000000d7200000)
  object space 84992K, 5% used [0x0000000085600000,0x0000000085a47cd0,0x000000008a900000)
 Metaspace       used 20438K, capacity 21114K, committed 21248K, reserved 1067008K
  class space    used 2831K, capacity 3001K, committed 3072K, reserved 1048576K
Event: 7,013 GC heap after
Heap after GC invocations=3 (full 1):
 PSYoungGen      total 36864K, used 0K [0x00000000d7200000, 0x00000000d9b00000, 0x0000000100000000)
  eden space 31744K, 0% used [0x00000000d7200000,0x00000000d7200000,0x00000000d9100000)
  from space 5120K, 0% used [0x00000000d9600000,0x00000000d9600000,0x00000000d9b00000)
  to   space 5120K, 0% used [0x00000000d9100000,0x00000000d9100000,0x00000000d9600000)
 ParOldGen       total 60928K, used 9128K [0x0000000085600000, 0x0000000089180000, 0x00000000d7200000)
  object space 60928K, 14% used [0x0000000085600000,0x0000000085eea040,0x0000000089180000)
 Metaspace       used 20438K, capacity 21114K, committed 21248K, reserved 1067008K
  class space    used 2831K, capacity 3001K, committed 3072K, reserved 1048576K
}

